<?xml version="1.0" encoding="UTF-8"?>
<testng-results ignored="0" total="2" passed="2" failed="0" skipped="0">
  <reporter-output>
  </reporter-output>
  <suite started-at="2023-07-26T15:13:53 IST" name="Default suite" finished-at="2023-07-26T15:14:17 IST" duration-ms="23932">
    <groups>
    </groups>
    <test started-at="2023-07-26T15:13:53 IST" name="Default test" finished-at="2023-07-26T15:14:17 IST" duration-ms="23932">
      <class name="Extentreports.IntegrationClass">
        <test-method is-config="true" signature="IntialiseExtentreports()[pri:0, instance:Extentreports.IntegrationClass@783a467b]" started-at="2023-07-26T15:13:53 IST" name="IntialiseExtentreports" finished-at="2023-07-26T15:13:53 IST" duration-ms="221" status="PASS">
          <reporter-output>
          </reporter-output>
        </test-method> <!-- IntialiseExtentreports -->
        <test-method is-config="true" signature="LaunchAPP(org.testng.ITestContext)[pri:0, instance:Extentreports.IntegrationClass@783a467b]" started-at="2023-07-26T15:13:53 IST" name="LaunchAPP" finished-at="2023-07-26T15:14:02 IST" duration-ms="8822" status="PASS">
          <params>
            <param index="0">
              <value>
                <![CDATA[org.testng.TestRunner@7c2924d7]]>
              </value>
            </param>
          </params>
          <reporter-output>
          </reporter-output>
        </test-method> <!-- LaunchAPP -->
        <test-method signature="login(java.lang.String,java.lang.String)[pri:0, instance:Extentreports.IntegrationClass@783a467b]" started-at="2023-07-26T15:14:02 IST" name="login" data-provider="TestData" finished-at="2023-07-26T15:14:06 IST" duration-ms="3896" status="PASS">
          <params>
            <param index="0">
              <value>
                <![CDATA[Admin]]>
              </value>
            </param>
            <param index="1">
              <value>
                <![CDATA[admin123]]>
              </value>
            </param>
          </params>
          <reporter-output>
          </reporter-output>
        </test-method> <!-- login -->
        <test-method is-config="true" signature="Close()[pri:0, instance:Extentreports.IntegrationClass@783a467b]" started-at="2023-07-26T15:14:06 IST" name="Close" finished-at="2023-07-26T15:14:07 IST" duration-ms="692" status="PASS">
          <reporter-output>
          </reporter-output>
        </test-method> <!-- Close -->
        <test-method is-config="true" signature="LaunchAPP(org.testng.ITestContext)[pri:0, instance:Extentreports.IntegrationClass@783a467b]" started-at="2023-07-26T15:14:07 IST" name="LaunchAPP" finished-at="2023-07-26T15:14:14 IST" duration-ms="7090" status="PASS">
          <params>
            <param index="0">
              <value>
                <![CDATA[org.testng.TestRunner@7c2924d7]]>
              </value>
            </param>
          </params>
          <reporter-output>
          </reporter-output>
        </test-method> <!-- LaunchAPP -->
        <test-method signature="login(java.lang.String,java.lang.String)[pri:0, instance:Extentreports.IntegrationClass@783a467b]" started-at="2023-07-26T15:14:14 IST" name="login" data-provider="TestData" finished-at="2023-07-26T15:14:17 IST" duration-ms="2791" status="PASS">
          <params>
            <param index="0">
              <value>
                <![CDATA[admin]]>
              </value>
            </param>
            <param index="1">
              <value>
                <![CDATA[admin123]]>
              </value>
            </param>
          </params>
          <reporter-output>
          </reporter-output>
        </test-method> <!-- login -->
        <test-method is-config="true" signature="Close()[pri:0, instance:Extentreports.IntegrationClass@783a467b]" started-at="2023-07-26T15:14:17 IST" name="Close" finished-at="2023-07-26T15:14:17 IST" duration-ms="603" status="PASS">
          <reporter-output>
          </reporter-output>
        </test-method> <!-- Close -->
        <test-method is-config="true" signature="flush()[pri:0, instance:Extentreports.IntegrationClass@783a467b]" started-at="2023-07-26T15:14:17 IST" name="flush" finished-at="2023-07-26T15:14:18 IST" duration-ms="668" status="PASS">
          <reporter-output>
          </reporter-output>
        </test-method> <!-- flush -->
      </class> <!-- Extentreports.IntegrationClass -->
    </test> <!-- Default test -->
  </suite> <!-- Default suite -->
</testng-results>
